
[12-Nov-2020 13:39:00 America/Costa_Rica] PHP Notice:  Undefined index: nombre in /storage/ssd4/780/14989780/public_html/views/blocks/lateral_menu.php on line 5
[12-Nov-2020 13:39:00 America/Costa_Rica] PHP Notice:  Undefined index: idrol in /storage/ssd4/780/14989780/public_html/views/blocks/lateral_menu.php on line 23
[12-Nov-2020 13:39:00 America/Costa_Rica] PHP Notice:  Undefined index: idrol in /storage/ssd4/780/14989780/public_html/views/blocks/lateral_menu.php on line 26
[12-Nov-2020 13:41:43 America/Costa_Rica] PHP Notice:  Undefined index: previouspage in /storage/ssd4/780/14989780/public_html/views/blocks/pagination.php on line 3
[12-Nov-2020 13:41:43 America/Costa_Rica] PHP Notice:  Undefined index: previouspage in /storage/ssd4/780/14989780/public_html/views/blocks/pagination.php on line 3
[12-Nov-2020 13:41:43 America/Costa_Rica] PHP Notice:  Undefined index: nextpage in /storage/ssd4/780/14989780/public_html/views/blocks/pagination.php on line 7
[12-Nov-2020 13:41:43 America/Costa_Rica] PHP Notice:  Undefined index: nextpage in /storage/ssd4/780/14989780/public_html/views/blocks/pagination.php on line 7
[12-Nov-2020 13:41:43 America/Costa_Rica] PHP Notice:  Undefined index: previouspage in /storage/ssd4/780/14989780/public_html/views/blocks/pagination.php on line 3
[12-Nov-2020 13:41:43 America/Costa_Rica] PHP Notice:  Undefined index: previouspage in /storage/ssd4/780/14989780/public_html/views/blocks/pagination.php on line 3
[12-Nov-2020 13:41:43 America/Costa_Rica] PHP Notice:  Undefined index: nextpage in /storage/ssd4/780/14989780/public_html/views/blocks/pagination.php on line 7
[12-Nov-2020 13:41:43 America/Costa_Rica] PHP Notice:  Undefined index: nextpage in /storage/ssd4/780/14989780/public_html/views/blocks/pagination.php on line 7
[12-Nov-2020 13:46:34 America/Costa_Rica] PHP Notice:  Undefined index: previouspage in /storage/ssd4/780/14989780/public_html/views/blocks/pagination.php on line 3
[12-Nov-2020 13:46:34 America/Costa_Rica] PHP Notice:  Undefined index: previouspage in /storage/ssd4/780/14989780/public_html/views/blocks/pagination.php on line 3
[12-Nov-2020 13:46:34 America/Costa_Rica] PHP Notice:  Undefined index: nextpage in /storage/ssd4/780/14989780/public_html/views/blocks/pagination.php on line 7
[12-Nov-2020 13:46:34 America/Costa_Rica] PHP Notice:  Undefined index: nextpage in /storage/ssd4/780/14989780/public_html/views/blocks/pagination.php on line 7
[12-Nov-2020 13:46:34 America/Costa_Rica] PHP Notice:  Undefined index: previouspage in /storage/ssd4/780/14989780/public_html/views/blocks/pagination.php on line 3
[12-Nov-2020 13:46:34 America/Costa_Rica] PHP Notice:  Undefined index: previouspage in /storage/ssd4/780/14989780/public_html/views/blocks/pagination.php on line 3
[12-Nov-2020 13:46:34 America/Costa_Rica] PHP Notice:  Undefined index: nextpage in /storage/ssd4/780/14989780/public_html/views/blocks/pagination.php on line 7
[12-Nov-2020 13:46:34 America/Costa_Rica] PHP Notice:  Undefined index: nextpage in /storage/ssd4/780/14989780/public_html/views/blocks/pagination.php on line 7
[12-Nov-2020 13:51:23 America/Costa_Rica] PHP Notice:  Undefined index: previouspage in /storage/ssd4/780/14989780/public_html/views/blocks/pagination.php on line 3
[12-Nov-2020 13:51:23 America/Costa_Rica] PHP Notice:  Undefined index: previouspage in /storage/ssd4/780/14989780/public_html/views/blocks/pagination.php on line 3
[12-Nov-2020 13:51:23 America/Costa_Rica] PHP Notice:  Undefined index: nextpage in /storage/ssd4/780/14989780/public_html/views/blocks/pagination.php on line 7
[12-Nov-2020 13:51:23 America/Costa_Rica] PHP Notice:  Undefined index: nextpage in /storage/ssd4/780/14989780/public_html/views/blocks/pagination.php on line 7
[12-Nov-2020 13:51:23 America/Costa_Rica] PHP Notice:  Undefined index: previouspage in /storage/ssd4/780/14989780/public_html/views/blocks/pagination.php on line 3
[12-Nov-2020 13:51:23 America/Costa_Rica] PHP Notice:  Undefined index: previouspage in /storage/ssd4/780/14989780/public_html/views/blocks/pagination.php on line 3
[12-Nov-2020 13:51:23 America/Costa_Rica] PHP Notice:  Undefined index: nextpage in /storage/ssd4/780/14989780/public_html/views/blocks/pagination.php on line 7
[12-Nov-2020 13:51:23 America/Costa_Rica] PHP Notice:  Undefined index: nextpage in /storage/ssd4/780/14989780/public_html/views/blocks/pagination.php on line 7
[12-Nov-2020 13:52:59 America/Costa_Rica] PHP Notice:  Undefined index: previouspage in /storage/ssd4/780/14989780/public_html/views/blocks/pagination.php on line 3
[12-Nov-2020 13:52:59 America/Costa_Rica] PHP Notice:  Undefined index: previouspage in /storage/ssd4/780/14989780/public_html/views/blocks/pagination.php on line 3
[12-Nov-2020 13:52:59 America/Costa_Rica] PHP Notice:  Undefined index: nextpage in /storage/ssd4/780/14989780/public_html/views/blocks/pagination.php on line 7
[12-Nov-2020 13:52:59 America/Costa_Rica] PHP Notice:  Undefined index: nextpage in /storage/ssd4/780/14989780/public_html/views/blocks/pagination.php on line 7
[12-Nov-2020 13:52:59 America/Costa_Rica] PHP Notice:  Undefined index: previouspage in /storage/ssd4/780/14989780/public_html/views/blocks/pagination.php on line 3
[12-Nov-2020 13:52:59 America/Costa_Rica] PHP Notice:  Undefined index: previouspage in /storage/ssd4/780/14989780/public_html/views/blocks/pagination.php on line 3
[12-Nov-2020 13:52:59 America/Costa_Rica] PHP Notice:  Undefined index: nextpage in /storage/ssd4/780/14989780/public_html/views/blocks/pagination.php on line 7
[12-Nov-2020 13:52:59 America/Costa_Rica] PHP Notice:  Undefined index: nextpage in /storage/ssd4/780/14989780/public_html/views/blocks/pagination.php on line 7
[12-Nov-2020 13:53:07 America/Costa_Rica] PHP Notice:  Undefined index: previouspage in /storage/ssd4/780/14989780/public_html/views/blocks/pagination.php on line 3
[12-Nov-2020 13:53:07 America/Costa_Rica] PHP Notice:  Undefined index: previouspage in /storage/ssd4/780/14989780/public_html/views/blocks/pagination.php on line 3
[12-Nov-2020 13:53:07 America/Costa_Rica] PHP Notice:  Undefined index: nextpage in /storage/ssd4/780/14989780/public_html/views/blocks/pagination.php on line 7
[12-Nov-2020 13:53:07 America/Costa_Rica] PHP Notice:  Undefined index: nextpage in /storage/ssd4/780/14989780/public_html/views/blocks/pagination.php on line 7
[12-Nov-2020 13:53:07 America/Costa_Rica] PHP Notice:  Undefined index: previouspage in /storage/ssd4/780/14989780/public_html/views/blocks/pagination.php on line 3
[12-Nov-2020 13:53:07 America/Costa_Rica] PHP Notice:  Undefined index: previouspage in /storage/ssd4/780/14989780/public_html/views/blocks/pagination.php on line 3
[12-Nov-2020 13:53:07 America/Costa_Rica] PHP Notice:  Undefined index: nextpage in /storage/ssd4/780/14989780/public_html/views/blocks/pagination.php on line 7
[12-Nov-2020 13:53:07 America/Costa_Rica] PHP Notice:  Undefined index: nextpage in /storage/ssd4/780/14989780/public_html/views/blocks/pagination.php on line 7
[12-Nov-2020 13:53:11 America/Costa_Rica] PHP Notice:  Undefined index: previouspage in /storage/ssd4/780/14989780/public_html/views/blocks/pagination.php on line 3
[12-Nov-2020 13:53:11 America/Costa_Rica] PHP Notice:  Undefined index: previouspage in /storage/ssd4/780/14989780/public_html/views/blocks/pagination.php on line 3
[12-Nov-2020 13:53:11 America/Costa_Rica] PHP Notice:  Undefined index: nextpage in /storage/ssd4/780/14989780/public_html/views/blocks/pagination.php on line 7
[12-Nov-2020 13:53:11 America/Costa_Rica] PHP Notice:  Undefined index: nextpage in /storage/ssd4/780/14989780/public_html/views/blocks/pagination.php on line 7
[12-Nov-2020 13:53:11 America/Costa_Rica] PHP Notice:  Undefined index: previouspage in /storage/ssd4/780/14989780/public_html/views/blocks/pagination.php on line 3
[12-Nov-2020 13:53:11 America/Costa_Rica] PHP Notice:  Undefined index: previouspage in /storage/ssd4/780/14989780/public_html/views/blocks/pagination.php on line 3
[12-Nov-2020 13:53:11 America/Costa_Rica] PHP Notice:  Undefined index: nextpage in /storage/ssd4/780/14989780/public_html/views/blocks/pagination.php on line 7
[12-Nov-2020 13:53:11 America/Costa_Rica] PHP Notice:  Undefined index: nextpage in /storage/ssd4/780/14989780/public_html/views/blocks/pagination.php on line 7
[12-Nov-2020 13:53:17 America/Costa_Rica] PHP Notice:  Undefined index: previouspage in /storage/ssd4/780/14989780/public_html/views/blocks/pagination.php on line 3
[12-Nov-2020 13:53:17 America/Costa_Rica] PHP Notice:  Undefined index: previouspage in /storage/ssd4/780/14989780/public_html/views/blocks/pagination.php on line 3
[12-Nov-2020 13:53:17 America/Costa_Rica] PHP Notice:  Undefined index: nextpage in /storage/ssd4/780/14989780/public_html/views/blocks/pagination.php on line 7
[12-Nov-2020 13:53:17 America/Costa_Rica] PHP Notice:  Undefined index: nextpage in /storage/ssd4/780/14989780/public_html/views/blocks/pagination.php on line 7
[12-Nov-2020 13:53:17 America/Costa_Rica] PHP Notice:  Undefined index: previouspage in /storage/ssd4/780/14989780/public_html/views/blocks/pagination.php on line 3
[12-Nov-2020 13:53:17 America/Costa_Rica] PHP Notice:  Undefined index: previouspage in /storage/ssd4/780/14989780/public_html/views/blocks/pagination.php on line 3
[12-Nov-2020 13:53:17 America/Costa_Rica] PHP Notice:  Undefined index: nextpage in /storage/ssd4/780/14989780/public_html/views/blocks/pagination.php on line 7
[12-Nov-2020 13:53:17 America/Costa_Rica] PHP Notice:  Undefined index: nextpage in /storage/ssd4/780/14989780/public_html/views/blocks/pagination.php on line 7
[12-Nov-2020 13:53:19 America/Costa_Rica] PHP Notice:  Undefined index: previouspage in /storage/ssd4/780/14989780/public_html/views/blocks/pagination.php on line 3
[12-Nov-2020 13:53:19 America/Costa_Rica] PHP Notice:  Undefined index: previouspage in /storage/ssd4/780/14989780/public_html/views/blocks/pagination.php on line 3
[12-Nov-2020 13:53:19 America/Costa_Rica] PHP Notice:  Undefined index: nextpage in /storage/ssd4/780/14989780/public_html/views/blocks/pagination.php on line 7
[12-Nov-2020 13:53:19 America/Costa_Rica] PHP Notice:  Undefined index: nextpage in /storage/ssd4/780/14989780/public_html/views/blocks/pagination.php on line 7
[12-Nov-2020 13:53:19 America/Costa_Rica] PHP Notice:  Undefined index: previouspage in /storage/ssd4/780/14989780/public_html/views/blocks/pagination.php on line 3
[12-Nov-2020 13:53:19 America/Costa_Rica] PHP Notice:  Undefined index: previouspage in /storage/ssd4/780/14989780/public_html/views/blocks/pagination.php on line 3
[12-Nov-2020 13:53:19 America/Costa_Rica] PHP Notice:  Undefined index: nextpage in /storage/ssd4/780/14989780/public_html/views/blocks/pagination.php on line 7
[12-Nov-2020 13:53:19 America/Costa_Rica] PHP Notice:  Undefined index: nextpage in /storage/ssd4/780/14989780/public_html/views/blocks/pagination.php on line 7
[12-Nov-2020 13:53:20 America/Costa_Rica] PHP Notice:  Undefined index: previouspage in /storage/ssd4/780/14989780/public_html/views/blocks/pagination.php on line 3
[12-Nov-2020 13:53:20 America/Costa_Rica] PHP Notice:  Undefined index: previouspage in /storage/ssd4/780/14989780/public_html/views/blocks/pagination.php on line 3
[12-Nov-2020 13:53:20 America/Costa_Rica] PHP Notice:  Undefined index: nextpage in /storage/ssd4/780/14989780/public_html/views/blocks/pagination.php on line 7
[12-Nov-2020 13:53:20 America/Costa_Rica] PHP Notice:  Undefined index: nextpage in /storage/ssd4/780/14989780/public_html/views/blocks/pagination.php on line 7
[12-Nov-2020 13:53:20 America/Costa_Rica] PHP Notice:  Undefined index: previouspage in /storage/ssd4/780/14989780/public_html/views/blocks/pagination.php on line 3
[12-Nov-2020 13:53:20 America/Costa_Rica] PHP Notice:  Undefined index: previouspage in /storage/ssd4/780/14989780/public_html/views/blocks/pagination.php on line 3
[12-Nov-2020 13:53:20 America/Costa_Rica] PHP Notice:  Undefined index: nextpage in /storage/ssd4/780/14989780/public_html/views/blocks/pagination.php on line 7
[12-Nov-2020 13:53:20 America/Costa_Rica] PHP Notice:  Undefined index: nextpage in /storage/ssd4/780/14989780/public_html/views/blocks/pagination.php on line 7
[12-Nov-2020 13:53:21 America/Costa_Rica] PHP Notice:  Undefined index: previouspage in /storage/ssd4/780/14989780/public_html/views/blocks/pagination.php on line 3
[12-Nov-2020 13:53:21 America/Costa_Rica] PHP Notice:  Undefined index: previouspage in /storage/ssd4/780/14989780/public_html/views/blocks/pagination.php on line 3
[12-Nov-2020 13:53:21 America/Costa_Rica] PHP Notice:  Undefined index: nextpage in /storage/ssd4/780/14989780/public_html/views/blocks/pagination.php on line 7
[12-Nov-2020 13:53:21 America/Costa_Rica] PHP Notice:  Undefined index: nextpage in /storage/ssd4/780/14989780/public_html/views/blocks/pagination.php on line 7
[12-Nov-2020 13:53:21 America/Costa_Rica] PHP Notice:  Undefined index: previouspage in /storage/ssd4/780/14989780/public_html/views/blocks/pagination.php on line 3
[12-Nov-2020 13:53:21 America/Costa_Rica] PHP Notice:  Undefined index: previouspage in /storage/ssd4/780/14989780/public_html/views/blocks/pagination.php on line 3
[12-Nov-2020 13:53:21 America/Costa_Rica] PHP Notice:  Undefined index: nextpage in /storage/ssd4/780/14989780/public_html/views/blocks/pagination.php on line 7
[12-Nov-2020 13:53:21 America/Costa_Rica] PHP Notice:  Undefined index: nextpage in /storage/ssd4/780/14989780/public_html/views/blocks/pagination.php on line 7
[12-Nov-2020 13:53:25 America/Costa_Rica] PHP Notice:  Undefined index: previouspage in /storage/ssd4/780/14989780/public_html/views/blocks/pagination.php on line 3
[12-Nov-2020 13:53:25 America/Costa_Rica] PHP Notice:  Undefined index: previouspage in /storage/ssd4/780/14989780/public_html/views/blocks/pagination.php on line 3
[12-Nov-2020 13:53:25 America/Costa_Rica] PHP Notice:  Undefined index: nextpage in /storage/ssd4/780/14989780/public_html/views/blocks/pagination.php on line 7
[12-Nov-2020 13:53:25 America/Costa_Rica] PHP Notice:  Undefined index: nextpage in /storage/ssd4/780/14989780/public_html/views/blocks/pagination.php on line 7
[12-Nov-2020 13:53:25 America/Costa_Rica] PHP Notice:  Undefined index: previouspage in /storage/ssd4/780/14989780/public_html/views/blocks/pagination.php on line 3
[12-Nov-2020 13:53:25 America/Costa_Rica] PHP Notice:  Undefined index: previouspage in /storage/ssd4/780/14989780/public_html/views/blocks/pagination.php on line 3
[12-Nov-2020 13:53:25 America/Costa_Rica] PHP Notice:  Undefined index: nextpage in /storage/ssd4/780/14989780/public_html/views/blocks/pagination.php on line 7
[12-Nov-2020 13:53:25 America/Costa_Rica] PHP Notice:  Undefined index: nextpage in /storage/ssd4/780/14989780/public_html/views/blocks/pagination.php on line 7
[12-Nov-2020 13:53:28 America/Costa_Rica] PHP Notice:  Undefined index: previouspage in /storage/ssd4/780/14989780/public_html/views/blocks/pagination.php on line 3
[12-Nov-2020 13:53:28 America/Costa_Rica] PHP Notice:  Undefined index: previouspage in /storage/ssd4/780/14989780/public_html/views/blocks/pagination.php on line 3
[12-Nov-2020 13:53:28 America/Costa_Rica] PHP Notice:  Undefined index: nextpage in /storage/ssd4/780/14989780/public_html/views/blocks/pagination.php on line 7
[12-Nov-2020 13:53:28 America/Costa_Rica] PHP Notice:  Undefined index: nextpage in /storage/ssd4/780/14989780/public_html/views/blocks/pagination.php on line 7
[12-Nov-2020 13:53:28 America/Costa_Rica] PHP Notice:  Undefined index: previouspage in /storage/ssd4/780/14989780/public_html/views/blocks/pagination.php on line 3
[12-Nov-2020 13:53:28 America/Costa_Rica] PHP Notice:  Undefined index: previouspage in /storage/ssd4/780/14989780/public_html/views/blocks/pagination.php on line 3
[12-Nov-2020 13:53:28 America/Costa_Rica] PHP Notice:  Undefined index: nextpage in /storage/ssd4/780/14989780/public_html/views/blocks/pagination.php on line 7
[12-Nov-2020 13:53:28 America/Costa_Rica] PHP Notice:  Undefined index: nextpage in /storage/ssd4/780/14989780/public_html/views/blocks/pagination.php on line 7
[12-Nov-2020 13:54:12 America/Costa_Rica] PHP Notice:  Undefined index: previouspage in /storage/ssd4/780/14989780/public_html/views/blocks/pagination.php on line 3
[12-Nov-2020 13:54:12 America/Costa_Rica] PHP Notice:  Undefined index: previouspage in /storage/ssd4/780/14989780/public_html/views/blocks/pagination.php on line 3
[12-Nov-2020 13:54:12 America/Costa_Rica] PHP Notice:  Undefined index: nextpage in /storage/ssd4/780/14989780/public_html/views/blocks/pagination.php on line 7
[12-Nov-2020 13:54:12 America/Costa_Rica] PHP Notice:  Undefined index: nextpage in /storage/ssd4/780/14989780/public_html/views/blocks/pagination.php on line 7
[12-Nov-2020 13:54:12 America/Costa_Rica] PHP Notice:  Undefined index: previouspage in /storage/ssd4/780/14989780/public_html/views/blocks/pagination.php on line 3
[12-Nov-2020 13:54:12 America/Costa_Rica] PHP Notice:  Undefined index: previouspage in /storage/ssd4/780/14989780/public_html/views/blocks/pagination.php on line 3
[12-Nov-2020 13:54:12 America/Costa_Rica] PHP Notice:  Undefined index: nextpage in /storage/ssd4/780/14989780/public_html/views/blocks/pagination.php on line 7
[12-Nov-2020 13:54:12 America/Costa_Rica] PHP Notice:  Undefined index: nextpage in /storage/ssd4/780/14989780/public_html/views/blocks/pagination.php on line 7
[12-Nov-2020 13:55:21 America/Costa_Rica] PHP Notice:  Undefined index: previouspage in /storage/ssd4/780/14989780/public_html/views/blocks/pagination.php on line 3
[12-Nov-2020 13:55:21 America/Costa_Rica] PHP Notice:  Undefined index: previouspage in /storage/ssd4/780/14989780/public_html/views/blocks/pagination.php on line 3
[12-Nov-2020 13:55:21 America/Costa_Rica] PHP Notice:  Undefined index: nextpage in /storage/ssd4/780/14989780/public_html/views/blocks/pagination.php on line 7
[12-Nov-2020 13:55:21 America/Costa_Rica] PHP Notice:  Undefined index: nextpage in /storage/ssd4/780/14989780/public_html/views/blocks/pagination.php on line 7
[12-Nov-2020 13:55:21 America/Costa_Rica] PHP Notice:  Undefined index: previouspage in /storage/ssd4/780/14989780/public_html/views/blocks/pagination.php on line 3
[12-Nov-2020 13:55:21 America/Costa_Rica] PHP Notice:  Undefined index: previouspage in /storage/ssd4/780/14989780/public_html/views/blocks/pagination.php on line 3
[12-Nov-2020 13:55:21 America/Costa_Rica] PHP Notice:  Undefined index: nextpage in /storage/ssd4/780/14989780/public_html/views/blocks/pagination.php on line 7
[12-Nov-2020 13:55:21 America/Costa_Rica] PHP Notice:  Undefined index: nextpage in /storage/ssd4/780/14989780/public_html/views/blocks/pagination.php on line 7
[12-Nov-2020 15:28:09 America/Costa_Rica] PHP Notice:  Undefined index: previouspage in /storage/ssd4/780/14989780/public_html/views/blocks/pagination.php on line 3
[12-Nov-2020 15:28:09 America/Costa_Rica] PHP Notice:  Undefined index: previouspage in /storage/ssd4/780/14989780/public_html/views/blocks/pagination.php on line 3
[12-Nov-2020 15:28:09 America/Costa_Rica] PHP Notice:  Undefined index: nextpage in /storage/ssd4/780/14989780/public_html/views/blocks/pagination.php on line 7
[12-Nov-2020 15:28:09 America/Costa_Rica] PHP Notice:  Undefined index: nextpage in /storage/ssd4/780/14989780/public_html/views/blocks/pagination.php on line 7
[12-Nov-2020 15:28:09 America/Costa_Rica] PHP Notice:  Undefined index: previouspage in /storage/ssd4/780/14989780/public_html/views/blocks/pagination.php on line 3
[12-Nov-2020 15:28:09 America/Costa_Rica] PHP Notice:  Undefined index: previouspage in /storage/ssd4/780/14989780/public_html/views/blocks/pagination.php on line 3
[12-Nov-2020 15:28:09 America/Costa_Rica] PHP Notice:  Undefined index: nextpage in /storage/ssd4/780/14989780/public_html/views/blocks/pagination.php on line 7
[12-Nov-2020 15:28:09 America/Costa_Rica] PHP Notice:  Undefined index: nextpage in /storage/ssd4/780/14989780/public_html/views/blocks/pagination.php on line 7
[12-Nov-2020 15:28:27 America/Costa_Rica] PHP Notice:  Undefined index: previouspage in /storage/ssd4/780/14989780/public_html/views/blocks/pagination.php on line 3
[12-Nov-2020 15:28:27 America/Costa_Rica] PHP Notice:  Undefined index: previouspage in /storage/ssd4/780/14989780/public_html/views/blocks/pagination.php on line 3
[12-Nov-2020 15:28:27 America/Costa_Rica] PHP Notice:  Undefined index: nextpage in /storage/ssd4/780/14989780/public_html/views/blocks/pagination.php on line 7
[12-Nov-2020 15:28:27 America/Costa_Rica] PHP Notice:  Undefined index: nextpage in /storage/ssd4/780/14989780/public_html/views/blocks/pagination.php on line 7
[12-Nov-2020 15:28:27 America/Costa_Rica] PHP Notice:  Undefined index: previouspage in /storage/ssd4/780/14989780/public_html/views/blocks/pagination.php on line 3
[12-Nov-2020 15:28:27 America/Costa_Rica] PHP Notice:  Undefined index: previouspage in /storage/ssd4/780/14989780/public_html/views/blocks/pagination.php on line 3
[12-Nov-2020 15:28:27 America/Costa_Rica] PHP Notice:  Undefined index: nextpage in /storage/ssd4/780/14989780/public_html/views/blocks/pagination.php on line 7
[12-Nov-2020 15:28:27 America/Costa_Rica] PHP Notice:  Undefined index: nextpage in /storage/ssd4/780/14989780/public_html/views/blocks/pagination.php on line 7
[12-Nov-2020 15:28:31 America/Costa_Rica] PHP Notice:  Undefined index: previouspage in /storage/ssd4/780/14989780/public_html/views/blocks/pagination.php on line 3
[12-Nov-2020 15:28:31 America/Costa_Rica] PHP Notice:  Undefined index: previouspage in /storage/ssd4/780/14989780/public_html/views/blocks/pagination.php on line 3
[12-Nov-2020 15:28:31 America/Costa_Rica] PHP Notice:  Undefined index: nextpage in /storage/ssd4/780/14989780/public_html/views/blocks/pagination.php on line 7
[12-Nov-2020 15:28:31 America/Costa_Rica] PHP Notice:  Undefined index: nextpage in /storage/ssd4/780/14989780/public_html/views/blocks/pagination.php on line 7
[12-Nov-2020 15:28:31 America/Costa_Rica] PHP Notice:  Undefined index: previouspage in /storage/ssd4/780/14989780/public_html/views/blocks/pagination.php on line 3
[12-Nov-2020 15:28:31 America/Costa_Rica] PHP Notice:  Undefined index: previouspage in /storage/ssd4/780/14989780/public_html/views/blocks/pagination.php on line 3
[12-Nov-2020 15:28:31 America/Costa_Rica] PHP Notice:  Undefined index: nextpage in /storage/ssd4/780/14989780/public_html/views/blocks/pagination.php on line 7
[12-Nov-2020 15:28:31 America/Costa_Rica] PHP Notice:  Undefined index: nextpage in /storage/ssd4/780/14989780/public_html/views/blocks/pagination.php on line 7
[12-Nov-2020 15:35:34 America/Costa_Rica] PHP Notice:  Undefined index: previouspage in /storage/ssd4/780/14989780/public_html/views/blocks/pagination.php on line 3
[12-Nov-2020 15:35:34 America/Costa_Rica] PHP Notice:  Undefined index: previouspage in /storage/ssd4/780/14989780/public_html/views/blocks/pagination.php on line 3
[12-Nov-2020 15:35:34 America/Costa_Rica] PHP Notice:  Undefined index: nextpage in /storage/ssd4/780/14989780/public_html/views/blocks/pagination.php on line 7
[12-Nov-2020 15:35:34 America/Costa_Rica] PHP Notice:  Undefined index: nextpage in /storage/ssd4/780/14989780/public_html/views/blocks/pagination.php on line 7
[12-Nov-2020 15:35:34 America/Costa_Rica] PHP Notice:  Undefined index: previouspage in /storage/ssd4/780/14989780/public_html/views/blocks/pagination.php on line 3
[12-Nov-2020 15:35:34 America/Costa_Rica] PHP Notice:  Undefined index: previouspage in /storage/ssd4/780/14989780/public_html/views/blocks/pagination.php on line 3
[12-Nov-2020 15:35:34 America/Costa_Rica] PHP Notice:  Undefined index: nextpage in /storage/ssd4/780/14989780/public_html/views/blocks/pagination.php on line 7
[12-Nov-2020 15:35:34 America/Costa_Rica] PHP Notice:  Undefined index: nextpage in /storage/ssd4/780/14989780/public_html/views/blocks/pagination.php on line 7
[12-Nov-2020 16:53:55 America/Costa_Rica] PHP Warning:  A non-numeric value encountered in /storage/ssd4/780/14989780/public_html/config/helper.php on line 157
[12-Nov-2020 17:08:11 America/Costa_Rica] PHP Warning:  A non-numeric value encountered in /storage/ssd4/780/14989780/public_html/config/helper.php on line 157
[12-Nov-2020 17:08:12 America/Costa_Rica] PHP Warning:  A non-numeric value encountered in /storage/ssd4/780/14989780/public_html/config/helper.php on line 157
[12-Nov-2020 19:35:08 America/Costa_Rica] PHP Warning:  Illegal string offset 'fac' in /storage/ssd4/780/14989780/public_html/views/elements/facturas/facturaVenta.php on line 19
[12-Nov-2020 19:35:08 America/Costa_Rica] PHP Warning:  Illegal string offset 'fac' in /storage/ssd4/780/14989780/public_html/views/elements/facturas/facturaVenta.php on line 129
[12-Nov-2020 19:35:08 America/Costa_Rica] PHP Warning:  Illegal string offset 'fac' in /storage/ssd4/780/14989780/public_html/views/elements/facturas/facturaVenta.php on line 130
[12-Nov-2020 19:37:46 America/Costa_Rica] PHP Warning:  Illegal string offset 'fac' in /storage/ssd4/780/14989780/public_html/views/elements/facturas/facturaVenta.php on line 19
[12-Nov-2020 19:37:46 America/Costa_Rica] PHP Warning:  Illegal string offset 'fac' in /storage/ssd4/780/14989780/public_html/views/elements/facturas/facturaVenta.php on line 129
[12-Nov-2020 19:37:46 America/Costa_Rica] PHP Warning:  Illegal string offset 'fac' in /storage/ssd4/780/14989780/public_html/views/elements/facturas/facturaVenta.php on line 130
[13-Nov-2020 10:59:54 America/Costa_Rica] PHP Notice:  Undefined index: previouspage in /storage/ssd4/780/14989780/public_html/views/blocks/pagination.php on line 3
[13-Nov-2020 10:59:54 America/Costa_Rica] PHP Notice:  Undefined index: previouspage in /storage/ssd4/780/14989780/public_html/views/blocks/pagination.php on line 3
[13-Nov-2020 10:59:54 America/Costa_Rica] PHP Notice:  Undefined index: nextpage in /storage/ssd4/780/14989780/public_html/views/blocks/pagination.php on line 7
[13-Nov-2020 10:59:54 America/Costa_Rica] PHP Notice:  Undefined index: nextpage in /storage/ssd4/780/14989780/public_html/views/blocks/pagination.php on line 7
[13-Nov-2020 10:59:54 America/Costa_Rica] PHP Notice:  Undefined index: previouspage in /storage/ssd4/780/14989780/public_html/views/blocks/pagination.php on line 3
[13-Nov-2020 10:59:54 America/Costa_Rica] PHP Notice:  Undefined index: previouspage in /storage/ssd4/780/14989780/public_html/views/blocks/pagination.php on line 3
[13-Nov-2020 10:59:54 America/Costa_Rica] PHP Notice:  Undefined index: nextpage in /storage/ssd4/780/14989780/public_html/views/blocks/pagination.php on line 7
[13-Nov-2020 10:59:54 America/Costa_Rica] PHP Notice:  Undefined index: nextpage in /storage/ssd4/780/14989780/public_html/views/blocks/pagination.php on line 7
[13-Nov-2020 11:55:51 America/Costa_Rica] PHP Notice:  Undefined index: previouspage in /storage/ssd4/780/14989780/public_html/views/blocks/pagination.php on line 3
[13-Nov-2020 11:55:51 America/Costa_Rica] PHP Notice:  Undefined index: previouspage in /storage/ssd4/780/14989780/public_html/views/blocks/pagination.php on line 3
[13-Nov-2020 11:55:51 America/Costa_Rica] PHP Notice:  Undefined index: nextpage in /storage/ssd4/780/14989780/public_html/views/blocks/pagination.php on line 7
[13-Nov-2020 11:55:51 America/Costa_Rica] PHP Notice:  Undefined index: nextpage in /storage/ssd4/780/14989780/public_html/views/blocks/pagination.php on line 7
[13-Nov-2020 11:55:51 America/Costa_Rica] PHP Notice:  Undefined index: previouspage in /storage/ssd4/780/14989780/public_html/views/blocks/pagination.php on line 3
[13-Nov-2020 11:55:51 America/Costa_Rica] PHP Notice:  Undefined index: previouspage in /storage/ssd4/780/14989780/public_html/views/blocks/pagination.php on line 3
[13-Nov-2020 11:55:51 America/Costa_Rica] PHP Notice:  Undefined index: nextpage in /storage/ssd4/780/14989780/public_html/views/blocks/pagination.php on line 7
[13-Nov-2020 11:55:51 America/Costa_Rica] PHP Notice:  Undefined index: nextpage in /storage/ssd4/780/14989780/public_html/views/blocks/pagination.php on line 7
[13-Nov-2020 11:56:10 America/Costa_Rica] PHP Notice:  Undefined index: previouspage in /storage/ssd4/780/14989780/public_html/views/blocks/pagination.php on line 3
[13-Nov-2020 11:56:10 America/Costa_Rica] PHP Notice:  Undefined index: previouspage in /storage/ssd4/780/14989780/public_html/views/blocks/pagination.php on line 3
[13-Nov-2020 11:56:10 America/Costa_Rica] PHP Notice:  Undefined index: nextpage in /storage/ssd4/780/14989780/public_html/views/blocks/pagination.php on line 7
[13-Nov-2020 11:56:10 America/Costa_Rica] PHP Notice:  Undefined index: nextpage in /storage/ssd4/780/14989780/public_html/views/blocks/pagination.php on line 7
[13-Nov-2020 11:56:10 America/Costa_Rica] PHP Notice:  Undefined index: previouspage in /storage/ssd4/780/14989780/public_html/views/blocks/pagination.php on line 3
[13-Nov-2020 11:56:10 America/Costa_Rica] PHP Notice:  Undefined index: previouspage in /storage/ssd4/780/14989780/public_html/views/blocks/pagination.php on line 3
[13-Nov-2020 11:56:10 America/Costa_Rica] PHP Notice:  Undefined index: nextpage in /storage/ssd4/780/14989780/public_html/views/blocks/pagination.php on line 7
[13-Nov-2020 11:56:10 America/Costa_Rica] PHP Notice:  Undefined index: nextpage in /storage/ssd4/780/14989780/public_html/views/blocks/pagination.php on line 7
[13-Nov-2020 12:18:32 America/Costa_Rica] PHP Notice:  Undefined index: previouspage in /storage/ssd4/780/14989780/public_html/views/blocks/pagination.php on line 3
[13-Nov-2020 12:18:32 America/Costa_Rica] PHP Notice:  Undefined index: previouspage in /storage/ssd4/780/14989780/public_html/views/blocks/pagination.php on line 3
[13-Nov-2020 12:18:32 America/Costa_Rica] PHP Notice:  Undefined index: nextpage in /storage/ssd4/780/14989780/public_html/views/blocks/pagination.php on line 7
[13-Nov-2020 12:18:32 America/Costa_Rica] PHP Notice:  Undefined index: nextpage in /storage/ssd4/780/14989780/public_html/views/blocks/pagination.php on line 7
[13-Nov-2020 12:18:32 America/Costa_Rica] PHP Notice:  Undefined index: previouspage in /storage/ssd4/780/14989780/public_html/views/blocks/pagination.php on line 3
[13-Nov-2020 12:18:32 America/Costa_Rica] PHP Notice:  Undefined index: previouspage in /storage/ssd4/780/14989780/public_html/views/blocks/pagination.php on line 3
[13-Nov-2020 12:18:32 America/Costa_Rica] PHP Notice:  Undefined index: nextpage in /storage/ssd4/780/14989780/public_html/views/blocks/pagination.php on line 7
[13-Nov-2020 12:18:32 America/Costa_Rica] PHP Notice:  Undefined index: nextpage in /storage/ssd4/780/14989780/public_html/views/blocks/pagination.php on line 7
[13-Nov-2020 13:20:26 America/Costa_Rica] PHP Notice:  Undefined index: previouspage in /storage/ssd4/780/14989780/public_html/views/blocks/pagination.php on line 3
[13-Nov-2020 13:20:26 America/Costa_Rica] PHP Notice:  Undefined index: previouspage in /storage/ssd4/780/14989780/public_html/views/blocks/pagination.php on line 3
[13-Nov-2020 13:20:26 America/Costa_Rica] PHP Notice:  Undefined index: nextpage in /storage/ssd4/780/14989780/public_html/views/blocks/pagination.php on line 7
[13-Nov-2020 13:20:26 America/Costa_Rica] PHP Notice:  Undefined index: nextpage in /storage/ssd4/780/14989780/public_html/views/blocks/pagination.php on line 7
[13-Nov-2020 13:20:26 America/Costa_Rica] PHP Notice:  Undefined index: previouspage in /storage/ssd4/780/14989780/public_html/views/blocks/pagination.php on line 3
[13-Nov-2020 13:20:26 America/Costa_Rica] PHP Notice:  Undefined index: previouspage in /storage/ssd4/780/14989780/public_html/views/blocks/pagination.php on line 3
[13-Nov-2020 13:20:26 America/Costa_Rica] PHP Notice:  Undefined index: nextpage in /storage/ssd4/780/14989780/public_html/views/blocks/pagination.php on line 7
[13-Nov-2020 13:20:26 America/Costa_Rica] PHP Notice:  Undefined index: nextpage in /storage/ssd4/780/14989780/public_html/views/blocks/pagination.php on line 7
[13-Nov-2020 13:20:32 America/Costa_Rica] PHP Notice:  Undefined index: previouspage in /storage/ssd4/780/14989780/public_html/views/blocks/pagination.php on line 3
[13-Nov-2020 13:20:32 America/Costa_Rica] PHP Notice:  Undefined index: previouspage in /storage/ssd4/780/14989780/public_html/views/blocks/pagination.php on line 3
[13-Nov-2020 13:20:32 America/Costa_Rica] PHP Notice:  Undefined index: nextpage in /storage/ssd4/780/14989780/public_html/views/blocks/pagination.php on line 7
[13-Nov-2020 13:20:32 America/Costa_Rica] PHP Notice:  Undefined index: nextpage in /storage/ssd4/780/14989780/public_html/views/blocks/pagination.php on line 7
[13-Nov-2020 13:20:32 America/Costa_Rica] PHP Notice:  Undefined index: previouspage in /storage/ssd4/780/14989780/public_html/views/blocks/pagination.php on line 3
[13-Nov-2020 13:20:32 America/Costa_Rica] PHP Notice:  Undefined index: previouspage in /storage/ssd4/780/14989780/public_html/views/blocks/pagination.php on line 3
[13-Nov-2020 13:20:32 America/Costa_Rica] PHP Notice:  Undefined index: nextpage in /storage/ssd4/780/14989780/public_html/views/blocks/pagination.php on line 7
[13-Nov-2020 13:20:32 America/Costa_Rica] PHP Notice:  Undefined index: nextpage in /storage/ssd4/780/14989780/public_html/views/blocks/pagination.php on line 7
[13-Nov-2020 13:20:36 America/Costa_Rica] PHP Notice:  Undefined index: previouspage in /storage/ssd4/780/14989780/public_html/views/blocks/pagination.php on line 3
[13-Nov-2020 13:20:36 America/Costa_Rica] PHP Notice:  Undefined index: previouspage in /storage/ssd4/780/14989780/public_html/views/blocks/pagination.php on line 3
[13-Nov-2020 13:20:36 America/Costa_Rica] PHP Notice:  Undefined index: nextpage in /storage/ssd4/780/14989780/public_html/views/blocks/pagination.php on line 7
[13-Nov-2020 13:20:36 America/Costa_Rica] PHP Notice:  Undefined index: nextpage in /storage/ssd4/780/14989780/public_html/views/blocks/pagination.php on line 7
[13-Nov-2020 13:20:36 America/Costa_Rica] PHP Notice:  Undefined index: previouspage in /storage/ssd4/780/14989780/public_html/views/blocks/pagination.php on line 3
[13-Nov-2020 13:20:36 America/Costa_Rica] PHP Notice:  Undefined index: previouspage in /storage/ssd4/780/14989780/public_html/views/blocks/pagination.php on line 3
[13-Nov-2020 13:20:36 America/Costa_Rica] PHP Notice:  Undefined index: nextpage in /storage/ssd4/780/14989780/public_html/views/blocks/pagination.php on line 7
[13-Nov-2020 13:20:36 America/Costa_Rica] PHP Notice:  Undefined index: nextpage in /storage/ssd4/780/14989780/public_html/views/blocks/pagination.php on line 7
[13-Nov-2020 13:35:42 America/Costa_Rica] PHP Notice:  Undefined index: previouspage in /storage/ssd4/780/14989780/public_html/views/blocks/pagination.php on line 3
[13-Nov-2020 13:35:42 America/Costa_Rica] PHP Notice:  Undefined index: previouspage in /storage/ssd4/780/14989780/public_html/views/blocks/pagination.php on line 3
[13-Nov-2020 13:35:42 America/Costa_Rica] PHP Notice:  Undefined index: nextpage in /storage/ssd4/780/14989780/public_html/views/blocks/pagination.php on line 7
[13-Nov-2020 13:35:42 America/Costa_Rica] PHP Notice:  Undefined index: nextpage in /storage/ssd4/780/14989780/public_html/views/blocks/pagination.php on line 7
[13-Nov-2020 13:35:42 America/Costa_Rica] PHP Notice:  Undefined index: previouspage in /storage/ssd4/780/14989780/public_html/views/blocks/pagination.php on line 3
[13-Nov-2020 13:35:42 America/Costa_Rica] PHP Notice:  Undefined index: previouspage in /storage/ssd4/780/14989780/public_html/views/blocks/pagination.php on line 3
[13-Nov-2020 13:35:42 America/Costa_Rica] PHP Notice:  Undefined index: nextpage in /storage/ssd4/780/14989780/public_html/views/blocks/pagination.php on line 7
[13-Nov-2020 13:35:42 America/Costa_Rica] PHP Notice:  Undefined index: nextpage in /storage/ssd4/780/14989780/public_html/views/blocks/pagination.php on line 7
[13-Nov-2020 14:47:40 America/Costa_Rica] PHP Notice:  Undefined index: previouspage in /storage/ssd4/780/14989780/public_html/views/blocks/pagination.php on line 3
[13-Nov-2020 14:47:40 America/Costa_Rica] PHP Notice:  Undefined index: previouspage in /storage/ssd4/780/14989780/public_html/views/blocks/pagination.php on line 3
[13-Nov-2020 14:47:40 America/Costa_Rica] PHP Notice:  Undefined index: nextpage in /storage/ssd4/780/14989780/public_html/views/blocks/pagination.php on line 7
[13-Nov-2020 14:47:40 America/Costa_Rica] PHP Notice:  Undefined index: nextpage in /storage/ssd4/780/14989780/public_html/views/blocks/pagination.php on line 7
[13-Nov-2020 14:47:40 America/Costa_Rica] PHP Notice:  Undefined index: previouspage in /storage/ssd4/780/14989780/public_html/views/blocks/pagination.php on line 3
[13-Nov-2020 14:47:40 America/Costa_Rica] PHP Notice:  Undefined index: previouspage in /storage/ssd4/780/14989780/public_html/views/blocks/pagination.php on line 3
[13-Nov-2020 14:47:40 America/Costa_Rica] PHP Notice:  Undefined index: nextpage in /storage/ssd4/780/14989780/public_html/views/blocks/pagination.php on line 7
[13-Nov-2020 14:47:40 America/Costa_Rica] PHP Notice:  Undefined index: nextpage in /storage/ssd4/780/14989780/public_html/views/blocks/pagination.php on line 7
[13-Nov-2020 14:58:28 America/Costa_Rica] PHP Notice:  Undefined index: previouspage in /storage/ssd4/780/14989780/public_html/views/blocks/pagination.php on line 3
[13-Nov-2020 14:58:28 America/Costa_Rica] PHP Notice:  Undefined index: previouspage in /storage/ssd4/780/14989780/public_html/views/blocks/pagination.php on line 3
[13-Nov-2020 14:58:28 America/Costa_Rica] PHP Notice:  Undefined index: nextpage in /storage/ssd4/780/14989780/public_html/views/blocks/pagination.php on line 7
[13-Nov-2020 14:58:28 America/Costa_Rica] PHP Notice:  Undefined index: nextpage in /storage/ssd4/780/14989780/public_html/views/blocks/pagination.php on line 7
[13-Nov-2020 14:58:28 America/Costa_Rica] PHP Notice:  Undefined index: previouspage in /storage/ssd4/780/14989780/public_html/views/blocks/pagination.php on line 3
[13-Nov-2020 14:58:28 America/Costa_Rica] PHP Notice:  Undefined index: previouspage in /storage/ssd4/780/14989780/public_html/views/blocks/pagination.php on line 3
[13-Nov-2020 14:58:28 America/Costa_Rica] PHP Notice:  Undefined index: nextpage in /storage/ssd4/780/14989780/public_html/views/blocks/pagination.php on line 7
[13-Nov-2020 14:58:28 America/Costa_Rica] PHP Notice:  Undefined index: nextpage in /storage/ssd4/780/14989780/public_html/views/blocks/pagination.php on line 7
[13-Nov-2020 18:20:24 America/Costa_Rica] PHP Notice:  Undefined index: db in /storage/ssd4/780/14989780/public_html/config/conexion.php on line 17
[13-Nov-2020 18:20:24 America/Costa_Rica] PHP Notice:  Undefined index:  in /storage/ssd4/780/14989780/public_html/config/conexion.php on line 17
[13-Nov-2020 18:20:24 America/Costa_Rica] PHP Notice:  Undefined index: db in /storage/ssd4/780/14989780/public_html/config/conexion.php on line 17
[13-Nov-2020 18:20:24 America/Costa_Rica] PHP Notice:  Undefined index:  in /storage/ssd4/780/14989780/public_html/config/conexion.php on line 17
[13-Nov-2020 18:20:24 America/Costa_Rica] PHP Notice:  Undefined index: db in /storage/ssd4/780/14989780/public_html/config/conexion.php on line 17
[13-Nov-2020 18:20:24 America/Costa_Rica] PHP Notice:  Undefined index:  in /storage/ssd4/780/14989780/public_html/config/conexion.php on line 17
[13-Nov-2020 18:20:24 America/Costa_Rica] PHP Notice:  Undefined index: db in /storage/ssd4/780/14989780/public_html/config/conexion.php on line 17
[13-Nov-2020 18:20:24 America/Costa_Rica] PHP Notice:  Undefined index:  in /storage/ssd4/780/14989780/public_html/config/conexion.php on line 17
[13-Nov-2020 18:20:24 America/Costa_Rica] PHP Fatal error:  Uncaught Error: Cannot use object of type PDOException as array in /storage/ssd4/780/14989780/public_html/models/productModel.php:129
Stack trace:
#0 /storage/ssd4/780/14989780/public_html/controllers/inventarioController.php(29): models\productModel::searchProduct('', 1, 1)
#1 [internal function]: controllers\inventarioController->index(Array)
#2 /storage/ssd4/780/14989780/public_html/config/route.php(49): call_user_func(Array, Array)
#3 /storage/ssd4/780/14989780/public_html/config/route.php(91): config\route::callMethod('inventarioContr...', Array)
#4 /storage/ssd4/780/14989780/public_html/config/route.php(19): config\route::excRoute('/listarproducto...', 'inventarioContr...', Array)
#5 /storage/ssd4/780/14989780/public_html/http/routes/rutas.php(52): config\route::post('/listarproducto...', 'inventarioContr...', Array)
#6 /storage/ssd4/780/14989780/public_html/config/route.php(206): config\Config->http\routes\{closure}()
#7 /storage/ssd4/780/14989780/public_html/http/routes/rutas.php(68): config\route::gr in /storage/ssd4/780/14989780/public_html/models/productModel.php on line 129
[14-Nov-2020 12:15:36 America/Costa_Rica] PHP Notice:  Undefined index: previouspage in /storage/ssd4/780/14989780/public_html/views/blocks/pagination.php on line 3
[14-Nov-2020 12:15:36 America/Costa_Rica] PHP Notice:  Undefined index: previouspage in /storage/ssd4/780/14989780/public_html/views/blocks/pagination.php on line 3
[14-Nov-2020 12:15:36 America/Costa_Rica] PHP Notice:  Undefined index: nextpage in /storage/ssd4/780/14989780/public_html/views/blocks/pagination.php on line 7
[14-Nov-2020 12:15:36 America/Costa_Rica] PHP Notice:  Undefined index: nextpage in /storage/ssd4/780/14989780/public_html/views/blocks/pagination.php on line 7
[14-Nov-2020 12:15:36 America/Costa_Rica] PHP Notice:  Undefined index: previouspage in /storage/ssd4/780/14989780/public_html/views/blocks/pagination.php on line 3
[14-Nov-2020 12:15:36 America/Costa_Rica] PHP Notice:  Undefined index: previouspage in /storage/ssd4/780/14989780/public_html/views/blocks/pagination.php on line 3
[14-Nov-2020 12:15:36 America/Costa_Rica] PHP Notice:  Undefined index: nextpage in /storage/ssd4/780/14989780/public_html/views/blocks/pagination.php on line 7
[14-Nov-2020 12:15:36 America/Costa_Rica] PHP Notice:  Undefined index: nextpage in /storage/ssd4/780/14989780/public_html/views/blocks/pagination.php on line 7
[14-Nov-2020 16:50:24 America/Costa_Rica] PHP Notice:  Undefined index: previouspage in /storage/ssd4/780/14989780/public_html/views/blocks/pagination.php on line 3
[14-Nov-2020 16:50:24 America/Costa_Rica] PHP Notice:  Undefined index: previouspage in /storage/ssd4/780/14989780/public_html/views/blocks/pagination.php on line 3
[14-Nov-2020 16:50:24 America/Costa_Rica] PHP Notice:  Undefined index: nextpage in /storage/ssd4/780/14989780/public_html/views/blocks/pagination.php on line 7
[14-Nov-2020 16:50:24 America/Costa_Rica] PHP Notice:  Undefined index: nextpage in /storage/ssd4/780/14989780/public_html/views/blocks/pagination.php on line 7
[14-Nov-2020 16:50:24 America/Costa_Rica] PHP Notice:  Undefined index: previouspage in /storage/ssd4/780/14989780/public_html/views/blocks/pagination.php on line 3
[14-Nov-2020 16:50:24 America/Costa_Rica] PHP Notice:  Undefined index: previouspage in /storage/ssd4/780/14989780/public_html/views/blocks/pagination.php on line 3
[14-Nov-2020 16:50:24 America/Costa_Rica] PHP Notice:  Undefined index: nextpage in /storage/ssd4/780/14989780/public_html/views/blocks/pagination.php on line 7
[14-Nov-2020 16:50:24 America/Costa_Rica] PHP Notice:  Undefined index: nextpage in /storage/ssd4/780/14989780/public_html/views/blocks/pagination.php on line 7
[14-Nov-2020 17:31:23 America/Costa_Rica] PHP Notice:  Undefined index: previouspage in /storage/ssd4/780/14989780/public_html/views/blocks/pagination.php on line 3
[14-Nov-2020 17:31:23 America/Costa_Rica] PHP Notice:  Undefined index: previouspage in /storage/ssd4/780/14989780/public_html/views/blocks/pagination.php on line 3
[14-Nov-2020 17:31:23 America/Costa_Rica] PHP Notice:  Undefined index: nextpage in /storage/ssd4/780/14989780/public_html/views/blocks/pagination.php on line 7
[14-Nov-2020 17:31:23 America/Costa_Rica] PHP Notice:  Undefined index: nextpage in /storage/ssd4/780/14989780/public_html/views/blocks/pagination.php on line 7
[14-Nov-2020 17:31:23 America/Costa_Rica] PHP Notice:  Undefined index: previouspage in /storage/ssd4/780/14989780/public_html/views/blocks/pagination.php on line 3
[14-Nov-2020 17:31:23 America/Costa_Rica] PHP Notice:  Undefined index: previouspage in /storage/ssd4/780/14989780/public_html/views/blocks/pagination.php on line 3
[14-Nov-2020 17:31:23 America/Costa_Rica] PHP Notice:  Undefined index: nextpage in /storage/ssd4/780/14989780/public_html/views/blocks/pagination.php on line 7
[14-Nov-2020 17:31:23 America/Costa_Rica] PHP Notice:  Undefined index: nextpage in /storage/ssd4/780/14989780/public_html/views/blocks/pagination.php on line 7
